{
  "RSpec": {
    "coverage": {
      "/Users/patrickshim/Dev/Turing/Mod2/projects/hang_in_there_api/app/models/poster.rb": {
        "lines": [
          1,
          null,
          null
        ]
      },
      "/Users/patrickshim/Dev/Turing/Mod2/projects/hang_in_there_api/app/models/application_record.rb": {
        "lines": [
          1,
          1,
          null
        ]
      },
      "/Users/patrickshim/Dev/Turing/Mod2/projects/hang_in_there_api/app/controllers/api/v1/posters_controller.rb": {
        "lines": [
          1,
          1,
          6,
          1,
          5,
          1,
          null,
          4,
          null,
          null,
          6,
          1,
          1,
          2,
          2,
          null,
          null,
          3,
          null,
          null,
          6,
          1,
          1,
          1,
          1,
          null,
          null,
          1,
          null,
          null,
          6,
          1,
          1,
          1,
          0,
          null,
          null,
          1,
          null,
          null,
          6,
          6,
          6,
          6,
          null,
          null,
          1,
          1,
          null,
          1,
          null,
          null,
          null,
          null,
          null,
          null,
          null,
          null,
          null,
          null,
          null,
          null,
          1,
          1,
          null,
          1,
          1,
          null,
          null,
          null,
          null,
          null,
          null,
          null,
          null,
          null,
          null,
          null,
          null,
          null,
          1,
          1,
          null,
          null,
          1,
          1,
          1,
          null,
          null,
          1,
          1,
          2,
          null,
          null,
          null
        ]
      },
      "/Users/patrickshim/Dev/Turing/Mod2/projects/hang_in_there_api/app/controllers/application_controller.rb": {
        "lines": [
          1,
          null
        ]
      },
      "/Users/patrickshim/Dev/Turing/Mod2/projects/hang_in_there_api/app/serializers/poster_serializer.rb": {
        "lines": [
          1,
          1,
          1,
          null
        ]
      }
    },
    "timestamp": 1734730266
  }
}
